==1874917== Memcheck, a memory error detector
==1874917== Copyright (C) 2002-2017, and GNU GPL'd, by Julian Seward et al.
==1874917== Using Valgrind-3.18.1-42b08ed5bd-20211015 and LibVEX; rerun with -h for copyright info
==1874917== Command: ./k0 ./TestCases/func_test1.kt
==1874917== Parent PID: 1870610
==1874917== 
--1874917-- 
--1874917-- Valgrind options:
--1874917--    --leak-check=full
--1874917--    --show-leak-kinds=all
--1874917--    --track-origins=yes
--1874917--    --verbose
--1874917--    --log-file=valgrind.log
--1874917-- Contents of /proc/version:
--1874917--   Linux version 6.8.0-51-generic (buildd@lcy02-amd64-057) (x86_64-linux-gnu-gcc-12 (Ubuntu 12.3.0-1ubuntu1~22.04) 12.3.0, GNU ld (GNU Binutils for Ubuntu) 2.38) #52~22.04.1-Ubuntu SMP PREEMPT_DYNAMIC Mon Dec  9 15:00:52 UTC 2
--1874917-- 
--1874917-- Arch and hwcaps: AMD64, LittleEndian, amd64-cx16-sse3
--1874917-- Page sizes: currently 4096, max supported 4096
--1874917-- Valgrind library directory: /usr/libexec/valgrind
--1874917-- Reading syms from /nfs/home/erikno8/compiler/compIilersHomework3/k0
--1874917-- Reading syms from /usr/lib/x86_64-linux-gnu/ld-linux-x86-64.so.2
--1874917--   Considering /usr/lib/debug/.build-id/e4/de036b19e4768e7591b596c4be9f9015f2d28a.debug ..
--1874917--   .. build-id is valid
--1874917-- Reading syms from /usr/libexec/valgrind/memcheck-amd64-linux
--1874917--    object doesn't have a symbol table
--1874917--    object doesn't have a dynamic symbol table
--1874917-- Scheduler: using generic scheduler lock implementation.
--1874917-- Reading suppressions file: /usr/libexec/valgrind/default.supp
==1874917== embedded gdbserver: reading from /tmp/vgdb-pipe-from-vgdb-to-1874917-by-erikno8-on-???
==1874917== embedded gdbserver: writing to   /tmp/vgdb-pipe-to-vgdb-from-1874917-by-erikno8-on-???
==1874917== embedded gdbserver: shared mem   /tmp/vgdb-pipe-shared-mem-vgdb-1874917-by-erikno8-on-???
==1874917== 
==1874917== TO CONTROL THIS PROCESS USING vgdb (which you probably
==1874917== don't want to do, unless you know exactly what you're doing,
==1874917== or are doing some strange experiment):
==1874917==   /usr/bin/vgdb --pid=1874917 ...command...
==1874917== 
==1874917== TO DEBUG THIS PROCESS USING GDB: start GDB like this
==1874917==   /path/to/gdb ./k0
==1874917== and then give GDB the following command
==1874917==   target remote | /usr/bin/vgdb --pid=1874917
==1874917== --pid is optional if only one valgrind process is running
==1874917== 
--1874917-- REDIR: 0x402aa40 (ld-linux-x86-64.so.2:strlen) redirected to 0x580bcec2 (???)
--1874917-- REDIR: 0x402a810 (ld-linux-x86-64.so.2:index) redirected to 0x580bcedc (???)
--1874917-- Reading syms from /usr/libexec/valgrind/vgpreload_core-amd64-linux.so
--1874917--    object doesn't have a symbol table
--1874917-- Reading syms from /usr/libexec/valgrind/vgpreload_memcheck-amd64-linux.so
--1874917--    object doesn't have a symbol table
==1874917== WARNING: new redirection conflicts with existing -- ignoring it
--1874917--     old: 0x0402aa40 (strlen              ) R-> (0000.0) 0x580bcec2 ???
--1874917--     new: 0x0402aa40 (strlen              ) R-> (2007.0) 0x0484ee30 strlen
--1874917-- REDIR: 0x4027220 (ld-linux-x86-64.so.2:strcmp) redirected to 0x484fcd0 (strcmp)
--1874917-- REDIR: 0x402afa0 (ld-linux-x86-64.so.2:mempcpy) redirected to 0x4853840 (mempcpy)
--1874917-- Reading syms from /usr/lib/x86_64-linux-gnu/libc.so.6
--1874917--   Considering /usr/lib/debug/.build-id/cd/410b710f0f094c6832edd95931006d883af48e.debug ..
--1874917--   .. build-id is valid
==1874917== WARNING: new redirection conflicts with existing -- ignoring it
--1874917--     old: 0x04913c60 (memalign            ) R-> (1011.0) 0x0484e080 memalign
--1874917--     new: 0x04913c60 (memalign            ) R-> (1017.0) 0x0484e050 aligned_alloc
==1874917== WARNING: new redirection conflicts with existing -- ignoring it
--1874917--     old: 0x04913c60 (memalign            ) R-> (1011.0) 0x0484e080 memalign
--1874917--     new: 0x04913c60 (memalign            ) R-> (1017.0) 0x0484e020 aligned_alloc
==1874917== WARNING: new redirection conflicts with existing -- ignoring it
--1874917--     old: 0x04913c60 (memalign            ) R-> (1011.0) 0x0484e080 memalign
--1874917--     new: 0x04913c60 (memalign            ) R-> (1017.0) 0x0484e050 aligned_alloc
==1874917== WARNING: new redirection conflicts with existing -- ignoring it
--1874917--     old: 0x04913c60 (memalign            ) R-> (1011.0) 0x0484e080 memalign
--1874917--     new: 0x04913c60 (memalign            ) R-> (1017.0) 0x0484e020 aligned_alloc
--1874917-- REDIR: 0x4916720 (libc.so.6:strnlen) redirected to 0x483f220 (_vgnU_ifunc_wrapper)
--1874917-- REDIR: 0x49169e0 (libc.so.6:strpbrk) redirected to 0x483f220 (_vgnU_ifunc_wrapper)
--1874917-- REDIR: 0x49162e0 (libc.so.6:strcmp) redirected to 0x483f220 (_vgnU_ifunc_wrapper)
--1874917-- REDIR: 0x4934cd0 (libc.so.6:wcsnlen) redirected to 0x483f220 (_vgnU_ifunc_wrapper)
--1874917-- REDIR: 0x49176d0 (libc.so.6:memset) redirected to 0x483f220 (_vgnU_ifunc_wrapper)
--1874917-- REDIR: 0x4933540 (libc.so.6:wcslen) redirected to 0x483f220 (_vgnU_ifunc_wrapper)
--1874917-- REDIR: 0x4917c10 (libc.so.6:memcpy@@GLIBC_2.14) redirected to 0x483f220 (_vgnU_ifunc_wrapper)
--1874917-- REDIR: 0x4933370 (libc.so.6:wcschr) redirected to 0x483f220 (_vgnU_ifunc_wrapper)
--1874917-- REDIR: 0x4916260 (libc.so.6:index) redirected to 0x483f220 (_vgnU_ifunc_wrapper)
--1874917-- REDIR: 0x4916960 (libc.so.6:rindex) redirected to 0x483f220 (_vgnU_ifunc_wrapper)
--1874917-- REDIR: 0x49175a0 (libc.so.6:memmove) redirected to 0x483f220 (_vgnU_ifunc_wrapper)
--1874917-- REDIR: 0x49333f0 (libc.so.6:wcscmp) redirected to 0x483f220 (_vgnU_ifunc_wrapper)
--1874917-- REDIR: 0x49179e0 (libc.so.6:stpncpy) redirected to 0x483f220 (_vgnU_ifunc_wrapper)
--1874917-- REDIR: 0x49339b0 (libc.so.6:wmemchr) redirected to 0x483f220 (_vgnU_ifunc_wrapper)
--1874917-- REDIR: 0x4916830 (libc.so.6:strncmp) redirected to 0x483f220 (_vgnU_ifunc_wrapper)
--1874917-- REDIR: 0x4917a70 (libc.so.6:strcasecmp) redirected to 0x483f220 (_vgnU_ifunc_wrapper)
--1874917-- REDIR: 0x4916420 (libc.so.6:strcspn) redirected to 0x483f220 (_vgnU_ifunc_wrapper)
--1874917-- REDIR: 0x4933470 (libc.so.6:wcscpy) redirected to 0x483f220 (_vgnU_ifunc_wrapper)
--1874917-- REDIR: 0x49161d0 (libc.so.6:strcat) redirected to 0x483f220 (_vgnU_ifunc_wrapper)
--1874917-- REDIR: 0x4917b60 (libc.so.6:strncasecmp_l) redirected to 0x483f220 (_vgnU_ifunc_wrapper)
--1874917-- REDIR: 0x4917480 (libc.so.6:bcmp) redirected to 0x483f220 (_vgnU_ifunc_wrapper)
--1874917-- REDIR: 0x491f570 (libc.so.6:memrchr) redirected to 0x483f220 (_vgnU_ifunc_wrapper)
--1874917-- REDIR: 0x4919010 (libc.so.6:strchrnul) redirected to 0x483f220 (_vgnU_ifunc_wrapper)
--1874917-- REDIR: 0x4916390 (libc.so.6:strcpy) redirected to 0x483f220 (_vgnU_ifunc_wrapper)
--1874917-- REDIR: 0x4917b10 (libc.so.6:strcasecmp_l) redirected to 0x483f220 (_vgnU_ifunc_wrapper)
--1874917-- REDIR: 0x49166a0 (libc.so.6:strlen) redirected to 0x483f220 (_vgnU_ifunc_wrapper)
--1874917-- REDIR: 0x49168d0 (libc.so.6:strncpy) redirected to 0x483f220 (_vgnU_ifunc_wrapper)
--1874917-- REDIR: 0x4917950 (libc.so.6:stpcpy) redirected to 0x483f220 (_vgnU_ifunc_wrapper)
--1874917-- REDIR: 0x49173f0 (libc.so.6:memchr) redirected to 0x483f220 (_vgnU_ifunc_wrapper)
--1874917-- REDIR: 0x4916b00 (libc.so.6:strspn) redirected to 0x483f220 (_vgnU_ifunc_wrapper)
--1874917-- REDIR: 0x49177d0 (libc.so.6:mempcpy) redirected to 0x483f220 (_vgnU_ifunc_wrapper)
--1874917-- REDIR: 0x4917ac0 (libc.so.6:strncasecmp) redirected to 0x483f220 (_vgnU_ifunc_wrapper)
--1874917-- REDIR: 0x4918f80 (libc.so.6:rawmemchr) redirected to 0x483f220 (_vgnU_ifunc_wrapper)
--1874917-- REDIR: 0x4928650 (libc.so.6:__strrchr_sse2) redirected to 0x484e870 (__strrchr_sse2)
--1874917-- REDIR: 0x491f920 (libc.so.6:__strcmp_sse2) redirected to 0x484fc50 (__strcmp_sse2)
--1874917-- REDIR: 0x49130a0 (libc.so.6:malloc) redirected to 0x4848820 (malloc)
--1874917-- REDIR: 0x4916fc0 (libc.so.6:__GI_strstr) redirected to 0x4853ae0 (__strstr_sse2)
--1874917-- REDIR: 0x4932f60 (libc.so.6:__memset_sse2_unaligned) redirected to 0x4852770 (memset)
--1874917-- REDIR: 0x4928950 (libc.so.6:__strlen_sse2) redirected to 0x484ed70 (__strlen_sse2)
--1874917-- REDIR: 0x492d6b0 (libc.so.6:__strcpy_sse2) redirected to 0x484ee60 (strcpy)
--1874917-- REDIR: 0x4932870 (libc.so.6:memcpy@GLIBC_2.2.5) redirected to 0x484fe00 (memcpy@GLIBC_2.2.5)
--1874917-- REDIR: 0x49133e0 (libc.so.6:free) redirected to 0x484b210 (free)
--1874917-- REDIR: 0x4928440 (libc.so.6:__strchrnul_sse2) redirected to 0x4853330 (strchrnul)
--1874917-- REDIR: 0x4932850 (libc.so.6:__mempcpy_sse2_unaligned) redirected to 0x4853440 (mempcpy)
==1874917== 
==1874917== HEAP SUMMARY:
==1874917==     in use at exit: 396 bytes in 10 blocks
==1874917==   total heap usage: 109 allocs, 99 frees, 30,600 bytes allocated
==1874917== 
==1874917== Searching for pointers to 10 not-freed blocks
==1874917== Checked 105,536 bytes
==1874917== 
==1874917== 2 bytes in 1 blocks are indirectly lost in loss record 1 of 10
==1874917==    at 0x4848899: malloc (in /usr/libexec/valgrind/vgpreload_memcheck-amd64-linux.so)
==1874917==    by 0x10BC27: token (lex.c:50)
==1874917==    by 0x10BD1E: leaf (lex.c:72)
==1874917==    by 0x109AE4: yylex (kotlex.l:107)
==1874917==    by 0x10C73E: yyparse (k0gram.tab.c:1491)
==1874917==    by 0x1094D2: main (main.c:31)
==1874917== 
==1874917== 2 bytes in 1 blocks are indirectly lost in loss record 2 of 10
==1874917==    at 0x4848899: malloc (in /usr/libexec/valgrind/vgpreload_memcheck-amd64-linux.so)
==1874917==    by 0x491658E: strdup (strdup.c:42)
==1874917==    by 0x10FD25: alctoken (tree.c:57)
==1874917==    by 0x10BD40: leaf (lex.c:74)
==1874917==    by 0x109AE4: yylex (kotlex.l:107)
==1874917==    by 0x10C73E: yyparse (k0gram.tab.c:1491)
==1874917==    by 0x1094D2: main (main.c:31)
==1874917== 
==1874917== 2 bytes in 1 blocks are indirectly lost in loss record 3 of 10
==1874917==    at 0x4848899: malloc (in /usr/libexec/valgrind/vgpreload_memcheck-amd64-linux.so)
==1874917==    by 0x10BC27: token (lex.c:50)
==1874917==    by 0x10BD1E: leaf (lex.c:72)
==1874917==    by 0x109AF3: yylex (kotlex.l:108)
==1874917==    by 0x10C73E: yyparse (k0gram.tab.c:1491)
==1874917==    by 0x1094D2: main (main.c:31)
==1874917== 
==1874917== 2 bytes in 1 blocks are indirectly lost in loss record 4 of 10
==1874917==    at 0x4848899: malloc (in /usr/libexec/valgrind/vgpreload_memcheck-amd64-linux.so)
==1874917==    by 0x491658E: strdup (strdup.c:42)
==1874917==    by 0x10FD25: alctoken (tree.c:57)
==1874917==    by 0x10BD40: leaf (lex.c:74)
==1874917==    by 0x109AF3: yylex (kotlex.l:108)
==1874917==    by 0x10C73E: yyparse (k0gram.tab.c:1491)
==1874917==    by 0x1094D2: main (main.c:31)
==1874917== 
==1874917== 26 bytes in 1 blocks are indirectly lost in loss record 5 of 10
==1874917==    at 0x4848899: malloc (in /usr/libexec/valgrind/vgpreload_memcheck-amd64-linux.so)
==1874917==    by 0x10BCA3: token (lex.c:58)
==1874917==    by 0x10BD1E: leaf (lex.c:72)
==1874917==    by 0x109AE4: yylex (kotlex.l:107)
==1874917==    by 0x10C73E: yyparse (k0gram.tab.c:1491)
==1874917==    by 0x1094D2: main (main.c:31)
==1874917== 
==1874917== 26 bytes in 1 blocks are indirectly lost in loss record 6 of 10
==1874917==    at 0x4848899: malloc (in /usr/libexec/valgrind/vgpreload_memcheck-amd64-linux.so)
==1874917==    by 0x10BCA3: token (lex.c:58)
==1874917==    by 0x10BD1E: leaf (lex.c:72)
==1874917==    by 0x109AF3: yylex (kotlex.l:108)
==1874917==    by 0x10C73E: yyparse (k0gram.tab.c:1491)
==1874917==    by 0x1094D2: main (main.c:31)
==1874917== 
==1874917== 56 bytes in 1 blocks are indirectly lost in loss record 7 of 10
==1874917==    at 0x4848899: malloc (in /usr/libexec/valgrind/vgpreload_memcheck-amd64-linux.so)
==1874917==    by 0x10BBCD: token (lex.c:41)
==1874917==    by 0x10BD1E: leaf (lex.c:72)
==1874917==    by 0x109AE4: yylex (kotlex.l:107)
==1874917==    by 0x10C73E: yyparse (k0gram.tab.c:1491)
==1874917==    by 0x1094D2: main (main.c:31)
==1874917== 
==1874917== 56 bytes in 1 blocks are indirectly lost in loss record 8 of 10
==1874917==    at 0x4848899: malloc (in /usr/libexec/valgrind/vgpreload_memcheck-amd64-linux.so)
==1874917==    by 0x10BBCD: token (lex.c:41)
==1874917==    by 0x10BD1E: leaf (lex.c:72)
==1874917==    by 0x109AF3: yylex (kotlex.l:108)
==1874917==    by 0x10C73E: yyparse (k0gram.tab.c:1491)
==1874917==    by 0x1094D2: main (main.c:31)
==1874917== 
==1874917== 198 (112 direct, 86 indirect) bytes in 1 blocks are definitely lost in loss record 9 of 10
==1874917==    at 0x4848899: malloc (in /usr/libexec/valgrind/vgpreload_memcheck-amd64-linux.so)
==1874917==    by 0x10FCC9: alctoken (tree.c:50)
==1874917==    by 0x10BD40: leaf (lex.c:74)
==1874917==    by 0x109AE4: yylex (kotlex.l:107)
==1874917==    by 0x10C73E: yyparse (k0gram.tab.c:1491)
==1874917==    by 0x1094D2: main (main.c:31)
==1874917== 
==1874917== 198 (112 direct, 86 indirect) bytes in 1 blocks are definitely lost in loss record 10 of 10
==1874917==    at 0x4848899: malloc (in /usr/libexec/valgrind/vgpreload_memcheck-amd64-linux.so)
==1874917==    by 0x10FCC9: alctoken (tree.c:50)
==1874917==    by 0x10BD40: leaf (lex.c:74)
==1874917==    by 0x109AF3: yylex (kotlex.l:108)
==1874917==    by 0x10C73E: yyparse (k0gram.tab.c:1491)
==1874917==    by 0x1094D2: main (main.c:31)
==1874917== 
==1874917== LEAK SUMMARY:
==1874917==    definitely lost: 224 bytes in 2 blocks
==1874917==    indirectly lost: 172 bytes in 8 blocks
==1874917==      possibly lost: 0 bytes in 0 blocks
==1874917==    still reachable: 0 bytes in 0 blocks
==1874917==         suppressed: 0 bytes in 0 blocks
==1874917== 
==1874917== ERROR SUMMARY: 2 errors from 2 contexts (suppressed: 0 from 0)
