===== Source: builtIns_string.c =====

#include <stdio.h>
#include <string.h>

int main() {
    const char *s = "test";
    int eq = strcmp(s, "test") == 0;
    size_t len = strlen(s);
    printf("%d %zu\n", eq, len);
    return 0;
}
===== Assembly (gcc -S) =====

	.file	"builtIns_string.c"
	.text
	.section	.rodata
.LC0:
	.string	"test"
.LC1:
	.string	"%d %zu\n"
	.text
	.globl	main
	.type	main, @function
main:
.LFB0:
	.cfi_startproc
	endbr64
	pushq	%rbp
	.cfi_def_cfa_offset 16
	.cfi_offset 6, -16
	movq	%rsp, %rbp
	.cfi_def_cfa_register 6
	subq	$32, %rsp
	leaq	.LC0(%rip), %rax
	movq	%rax, -16(%rbp)
	movq	-16(%rbp), %rax
	leaq	.LC0(%rip), %rdx
	movq	%rdx, %rsi
	movq	%rax, %rdi
	call	strcmp@PLT
	testl	%eax, %eax
	sete	%al
	movzbl	%al, %eax
	movl	%eax, -20(%rbp)
	movq	-16(%rbp), %rax
	movq	%rax, %rdi
	call	strlen@PLT
	movq	%rax, -8(%rbp)
	movq	-8(%rbp), %rdx
	movl	-20(%rbp), %eax
	movl	%eax, %esi
	leaq	.LC1(%rip), %rax
	movq	%rax, %rdi
	movl	$0, %eax
	call	printf@PLT
	movl	$0, %eax
	leave
	.cfi_def_cfa 7, 8
	ret
	.cfi_endproc
.LFE0:
	.size	main, .-main
	.ident	"GCC: (Ubuntu 11.4.0-1ubuntu1~22.04) 11.4.0"
	.section	.note.GNU-stack,"",@progbits
	.section	.note.gnu.property,"a"
	.align 8
	.long	1f - 0f
	.long	4f - 1f
	.long	5
0:
	.string	"GNU"
1:
	.align 8
	.long	0xc0000002
	.long	3f - 2f
2:
	.long	0x3
3:
	.align 8
4:
