===== Source: cmplxFunc.c =====

#include <stdio.h>
#include <stdbool.h>
#include <string.h>
#include <stdlib.h>

int main(int argc, char* argv[]) {
    int x, y, z;
    x = 1;
    y = 2;
    z = 3;
    if (x < y || y < z) {
        printf("Hello, World!\n");
    }
    else {
        printf("Goodbye, World!\n");
    }
    return 0;
}



===== Assembly (gcc -S) =====

	.file	"cmplxFunc.c"
	.text
	.section	.rodata
.LC0:
	.string	"Hello, World!"
.LC1:
	.string	"Goodbye, World!"
	.text
	.globl	main
	.type	main, @function
main:
.LFB6:
	.cfi_startproc
	endbr64
	pushq	%rbp
	.cfi_def_cfa_offset 16
	.cfi_offset 6, -16
	movq	%rsp, %rbp
	.cfi_def_cfa_register 6
	subq	$32, %rsp
	movl	%edi, -20(%rbp)
	movq	%rsi, -32(%rbp)
	movl	$1, -12(%rbp)
	movl	$2, -8(%rbp)
	movl	$3, -4(%rbp)
	movl	-12(%rbp), %eax
	cmpl	-8(%rbp), %eax
	jl	.L2
	movl	-8(%rbp), %eax
	cmpl	-4(%rbp), %eax
	jge	.L3
.L2:
	leaq	.LC0(%rip), %rax
	movq	%rax, %rdi
	call	puts@PLT
	jmp	.L4
.L3:
	leaq	.LC1(%rip), %rax
	movq	%rax, %rdi
	call	puts@PLT
.L4:
	movl	$0, %eax
	leave
	.cfi_def_cfa 7, 8
	ret
	.cfi_endproc
.LFE6:
	.size	main, .-main
	.ident	"GCC: (Ubuntu 11.4.0-1ubuntu1~22.04) 11.4.0"
	.section	.note.GNU-stack,"",@progbits
	.section	.note.gnu.property,"a"
	.align 8
	.long	1f - 0f
	.long	4f - 1f
	.long	5
0:
	.string	"GNU"
1:
	.align 8
	.long	0xc0000002
	.long	3f - 2f
2:
	.long	0x3
3:
	.align 8
4:

===== Observations =====