===== Source: expressions.c =====

#include <stdio.h>

int main() {
    int a = 10;
    int b = 3;
    int sum  = a + b;
    int diff = a - b;
    int prod = a * b;
    printf("sum=%d diff=%d prod=%d\n", sum, diff, prod);
    return 0;
}
===== Assembly (gcc -S) =====

	.file	"expressions.c"
	.text
	.section	.rodata
.LC0:
	.string	"sum=%d diff=%d prod=%d\n"
	.text
	.globl	main
	.type	main, @function
main:
.LFB0:
	.cfi_startproc
	endbr64
	pushq	%rbp
	.cfi_def_cfa_offset 16
	.cfi_offset 6, -16
	movq	%rsp, %rbp
	.cfi_def_cfa_register 6
	subq	$32, %rsp
	movl	$10, -20(%rbp)
	movl	$3, -16(%rbp)
	movl	-20(%rbp), %edx
	movl	-16(%rbp), %eax
	addl	%edx, %eax
	movl	%eax, -12(%rbp)
	movl	-20(%rbp), %eax
	subl	-16(%rbp), %eax
	movl	%eax, -8(%rbp)
	movl	-20(%rbp), %eax
	imull	-16(%rbp), %eax
	movl	%eax, -4(%rbp)
	movl	-4(%rbp), %ecx
	movl	-8(%rbp), %edx
	movl	-12(%rbp), %eax
	movl	%eax, %esi
	leaq	.LC0(%rip), %rax
	movq	%rax, %rdi
	movl	$0, %eax
	call	printf@PLT
	movl	$0, %eax
	leave
	.cfi_def_cfa 7, 8
	ret
	.cfi_endproc
.LFE0:
	.size	main, .-main
	.ident	"GCC: (Ubuntu 11.4.0-1ubuntu1~22.04) 11.4.0"
	.section	.note.GNU-stack,"",@progbits
	.section	.note.gnu.property,"a"
	.align 8
	.long	1f - 0f
	.long	4f - 1f
	.long	5
0:
	.string	"GNU"
1:
	.align 8
	.long	0xc0000002
	.long	3f - 2f
2:
	.long	0x3
3:
	.align 8
4:
