===== Source: simpFunc.c =====

#include <stdio.h>

int add(int a, int b) {
    return a + b;
}

void main() {
    int a = 1;
    int b = 2;
    int c = add(a, b);
    printf("add(%d, %d) = %d\n", a, b, c);
}

===== Assembly (gcc -S) =====

	.file	"simpFunc.c"
	.text
	.globl	add
	.type	add, @function
add:
.LFB0:
	.cfi_startproc
	endbr64
	pushq	%rbp
	.cfi_def_cfa_offset 16
	.cfi_offset 6, -16
	movq	%rsp, %rbp
	.cfi_def_cfa_register 6
	movl	%edi, -4(%rbp)
	movl	%esi, -8(%rbp)
	movl	-4(%rbp), %edx
	movl	-8(%rbp), %eax
	addl	%edx, %eax
	popq	%rbp
	.cfi_def_cfa 7, 8
	ret
	.cfi_endproc
.LFE0:
	.size	add, .-add
	.section	.rodata
.LC0:
	.string	"add(%d, %d) = %d\n"
	.text
	.globl	main
	.type	main, @function
main:
.LFB1:
	.cfi_startproc
	endbr64
	pushq	%rbp
	.cfi_def_cfa_offset 16
	.cfi_offset 6, -16
	movq	%rsp, %rbp
	.cfi_def_cfa_register 6
	subq	$16, %rsp
	movl	$1, -12(%rbp)
	movl	$2, -8(%rbp)
	movl	-8(%rbp), %edx
	movl	-12(%rbp), %eax
	movl	%edx, %esi
	movl	%eax, %edi
	call	add
	movl	%eax, -4(%rbp)
	movl	-4(%rbp), %ecx
	movl	-8(%rbp), %edx
	movl	-12(%rbp), %eax
	movl	%eax, %esi
	leaq	.LC0(%rip), %rax
	movq	%rax, %rdi
	movl	$0, %eax
	call	printf@PLT
	nop
	leave
	.cfi_def_cfa 7, 8
	ret
	.cfi_endproc
.LFE1:
	.size	main, .-main
	.ident	"GCC: (Ubuntu 11.4.0-1ubuntu1~22.04) 11.4.0"
	.section	.note.GNU-stack,"",@progbits
	.section	.note.gnu.property,"a"
	.align 8
	.long	1f - 0f
	.long	4f - 1f
	.long	5
0:
	.string	"GNU"
1:
	.align 8
	.long	0xc0000002
	.long	3f - 2f
2:
	.long	0x3
3:
	.align 8
4:

===== Discussion =====

